{
  "stats": {
    "suites": 1,
    "tests": 2,
    "passes": 2,
    "pending": 0,
    "failures": 0,
    "start": "2023-03-20T18:45:02.609Z",
    "end": "2023-03-20T18:46:06.862Z",
    "duration": 64253,
    "testsRegistered": 2,
    "passPercent": 100,
    "pendingPercent": 0,
    "other": 0,
    "hasOther": false,
    "skipped": 0,
    "hasSkipped": false
  },
  "results": [
    {
      "uuid": "69763679-254f-4198-9f95-f25889eba972",
      "title": "",
      "fullFile": "/Users/sid/Documents/Projects/Mocha/test.js",
      "file": "/test.js",
      "beforeHooks": [],
      "afterHooks": [],
      "tests": [],
      "suites": [
        {
          "uuid": "ade7b125-91b3-4ab2-b549-d7cd3ff493e8",
          "title": "ChatBotPage",
          "fullFile": "/Users/sid/Documents/Projects/Mocha/test.js",
          "file": "/test.js",
          "beforeHooks": [
            {
              "title": "\"before each\" hook in \"ChatBotPage\"",
              "fullTitle": "ChatBotPage \"before each\" hook in \"ChatBotPage\"",
              "timedOut": false,
              "duration": 16515,
              "state": null,
              "speed": null,
              "pass": false,
              "fail": false,
              "pending": false,
              "context": null,
              "code": "driver = await new Builder().forBrowser(\"chrome\").build();\npage = await new ChatBotPage(driver).openChatbot();",
              "err": {},
              "uuid": "0197e45c-68ff-487f-acf8-108facc37bf9",
              "parentUUID": "ade7b125-91b3-4ab2-b549-d7cd3ff493e8",
              "isHook": true,
              "skipped": false
            }
          ],
          "afterHooks": [
            {
              "title": "\"after each\" hook in \"ChatBotPage\"",
              "fullTitle": "ChatBotPage \"after each\" hook in \"ChatBotPage\"",
              "timedOut": false,
              "duration": 58,
              "state": null,
              "speed": null,
              "pass": false,
              "fail": false,
              "pending": false,
              "context": null,
              "code": "await driver.quit();",
              "err": {},
              "uuid": "968cac1b-9d51-4e2e-b385-86c26ef81eec",
              "parentUUID": "ade7b125-91b3-4ab2-b549-d7cd3ff493e8",
              "isHook": true,
              "skipped": false
            }
          ],
          "tests": [
            {
              "title": "Verify the name and explain chatbots response",
              "fullTitle": "ChatBotPage Verify the name and explain chatbots response",
              "timedOut": false,
              "duration": 19750,
              "state": "passed",
              "speed": "slow",
              "pass": true,
              "fail": false,
              "pending": false,
              "context": null,
              "code": "await page.clickChatWithBotBtn();\nconst checkBotResponse = await page.getChatbotResponse();\nexpect(checkBotResponse).includes(\"There’s lots I can show you but first please let me know your name.\");\nawait page.inputName('Ashar');\nawait page.getNameMessage();\nawait page.confirmName();\nawait page.clickExplainButton();\nconst checkExplainResponse = await page.getExplainResponse();\nexpect(checkExplainResponse).includes(\"Basically, we chatbots are just software applications, like any other application you use on your computer. The important difference is that people interface with us using conversation. Shall I say more about this? 👀\");",
              "err": {},
              "uuid": "0bb76961-4af5-4114-b4eb-559d55e4fdf1",
              "parentUUID": "ade7b125-91b3-4ab2-b549-d7cd3ff493e8",
              "isHook": false,
              "skipped": false
            },
            {
              "title": "Verify the contact sales response",
              "fullTitle": "ChatBotPage Verify the contact sales response",
              "timedOut": false,
              "duration": 7283,
              "state": "passed",
              "speed": "slow",
              "pass": true,
              "fail": false,
              "pending": false,
              "context": null,
              "code": "await page.clickContactSalesBtn();\nconst checkSalesResponse = await page.getSalesResponse();\nexpect(checkSalesResponse).includes(\"Can you please tell me your 📧 email?\");",
              "err": {},
              "uuid": "d1c1daa2-1dec-41dd-ad23-99d71b12cd52",
              "parentUUID": "ade7b125-91b3-4ab2-b549-d7cd3ff493e8",
              "isHook": false,
              "skipped": false
            }
          ],
          "suites": [],
          "passes": [
            "0bb76961-4af5-4114-b4eb-559d55e4fdf1",
            "d1c1daa2-1dec-41dd-ad23-99d71b12cd52"
          ],
          "failures": [],
          "pending": [],
          "skipped": [],
          "duration": 27033,
          "root": false,
          "rootEmpty": false,
          "_timeout": 150000
        }
      ],
      "passes": [],
      "failures": [],
      "pending": [],
      "skipped": [],
      "duration": 0,
      "root": true,
      "rootEmpty": true,
      "_timeout": 150000
    }
  ],
  "meta": {
    "mocha": {
      "version": "10.2.0"
    },
    "mochawesome": {
      "options": {
        "quiet": false,
        "reportFilename": "mochawesome",
        "saveHtml": true,
        "saveJson": true,
        "consoleReporter": "spec",
        "useInlineDiffs": false,
        "code": true
      },
      "version": "7.1.3"
    },
    "marge": {
      "options": null,
      "version": "6.2.0"
    }
  }
}